<?xml version="1.0" encoding="UTF-8"?>
<testsuite name="com.example.dat250_1.Dat2501ApplicationTests" tests="1" skipped="0" failures="0" errors="0" timestamp="2025-08-27T10:16:33.992Z" hostname="Sigvards-MacBook-Air.local" time="0.494">
  <properties/>
  <testcase name="contextLoads()" classname="com.example.dat250_1.Dat2501ApplicationTests" time="0.494"/>
  <system-out><![CDATA[12:16:33.370 [Test worker] INFO org.springframework.test.context.support.AnnotationConfigContextLoaderUtils -- Could not detect default configuration classes for test class [com.example.dat250_1.Dat2501ApplicationTests]: Dat2501ApplicationTests does not declare any static, non-private, non-final, nested classes annotated with @Configuration.
12:16:33.411 [Test worker] INFO org.springframework.boot.test.context.SpringBootTestContextBootstrapper -- Found @SpringBootConfiguration com.example.dat250_1.Dat2501Application for test class com.example.dat250_1.Dat2501ApplicationTests

  .   ____          _            __ _ _
 /\\ / ___'_ __ _ _(_)_ __  __ _ \ \ \ \
( ( )\___ | '_ | '_| | '_ \/ _` | \ \ \ \
 \\/  ___)| |_)| | | | | || (_| |  ) ) ) )
  '  |____| .__|_| |_|_| |_\__, | / / / /
 =========|_|==============|___/=/_/_/_/

 :: Spring Boot ::                (v3.5.5)

2025-08-27T12:16:33.627+02:00  INFO 81940 --- [dat250-1] [    Test worker] c.e.dat250_1.Dat2501ApplicationTests     : Starting Dat2501ApplicationTests using Java 21.0.8 with PID 81940 (started by sigvardhelsingen in /Users/sigvardhelsingen/Documents/DAT250/dat250-1)
2025-08-27T12:16:33.627+02:00  INFO 81940 --- [dat250-1] [    Test worker] c.e.dat250_1.Dat2501ApplicationTests     : No active profile set, falling back to 1 default profile: "default"
2025-08-27T12:16:33.986+02:00  INFO 81940 --- [dat250-1] [    Test worker] c.e.dat250_1.Dat2501ApplicationTests     : Started Dat2501ApplicationTests in 0.516 seconds (process running for 1.005)
]]></system-out>
  <system-err><![CDATA[Mockito is currently self-attaching to enable the inline-mock-maker. This will no longer work in future releases of the JDK. Please add Mockito as an agent to your build as described in Mockito's documentation: https://javadoc.io/doc/org.mockito/mockito-core/latest/org.mockito/org/mockito/Mockito.html#0.3
WARNING: A Java agent has been loaded dynamically (/Users/sigvardhelsingen/.gradle/caches/modules-2/files-2.1/net.bytebuddy/byte-buddy-agent/1.17.7/fbf3d6d649ed37fc9e9c59480a05be0a26e3c2da/byte-buddy-agent-1.17.7.jar)
WARNING: If a serviceability tool is in use, please run with -XX:+EnableDynamicAgentLoading to hide this warning
WARNING: If a serviceability tool is not in use, please run with -Djdk.instrument.traceUsage for more information
WARNING: Dynamic loading of agents will be disallowed by default in a future release
]]></system-err>
</testsuite>
